PE 0: MPICH MPIIO environment settings:
PE 0:   MPICH_MPIIO_HINTS_DISPLAY                 = 1
PE 0:   MPICH_MPIIO_HINTS                         = *:romio_cb_write=enable:romio_ds_write=disable
PE 0:   MPICH_MPIIO_ABORT_ON_RW_ERROR             = disable
PE 0:   MPICH_MPIIO_CB_ALIGN                      = 2
PE 0:   MPICH_MPIIO_DVS_MAXNODES                  = 32
PE 0:   MPICH_MPIIO_AGGREGATOR_PLACEMENT_DISPLAY  = 0
PE 0:   MPICH_MPIIO_AGGREGATOR_PLACEMENT_STRIDE   = -1
PE 0:   MPICH_MPIIO_MAX_NUM_IRECV                 = 50
PE 0:   MPICH_MPIIO_MAX_NUM_ISEND                 = 50
PE 0:   MPICH_MPIIO_MAX_SIZE_ISEND                = 10485760
PE 0: MPICH MPIIO statistics environment settings:
PE 0:   MPICH_MPIIO_STATS                         = 1
PE 0:   MPICH_MPIIO_TIMERS                        = 0
PE 0:   MPICH_MPIIO_WRITE_EXIT_BARRIER            = 1
PE 0: MPIIO hints for sim_phi00.hdf5:
          cb_buffer_size           = 16777216
          romio_cb_read            = automatic
          romio_cb_write           = enable
          cb_nodes                 = 16
          cb_align                 = 2
          romio_no_indep_rw        = false
          romio_cb_pfr             = disable
          romio_cb_fr_types        = aar
          romio_cb_fr_alignment    = 1
          romio_cb_ds_threshold    = 0
          romio_cb_alltoall        = automatic
          ind_rd_buffer_size       = 4194304
          ind_wr_buffer_size       = 524288
          romio_ds_read            = disable
          romio_ds_write           = disable
          striping_factor          = 16
          striping_unit            = 67108864
          romio_lustre_start_iodevice = 0
          direct_io                = false
          aggregator_placement_stride = -1
          abort_on_rw_error        = disable
          cb_config_list           = *:*
          romio_filesystem_type    = CRAY ADIO:
srun: error: nid00565: tasks 64-65,68-72,74-75,77,81-85,88,90-92,94-95: Killed
srun: Terminating job step 11519216.0
slurmstepd: error: Detected 1 oom-kill event(s) in step 11519216.0 cgroup.
srun: error: nid00565: tasks 66-67,73,76,78-80,86-87,89,93: Killed
srun: error: nid00566: tasks 122-125,127: Killed
srun: error: nid00566: tasks 98,102,104,107-108,114,117-120: Killed
srun: error: nid00566: tasks 97,100,112,115,121: Killed
srun: error: nid00566: tasks 99,103,105,109,113,116,126: Killed
srun: error: nid00566: tasks 96,101,106,110-111: Killed
srun: error: nid00564: tasks 49,54-55,59: Killed
srun: error: nid00564: tasks 41-42,46,48,50,52,56-58,62-63: Killed
srun: error: nid00564: tasks 40,44,60-61: Killed
srun: error: nid00564: tasks 32-39,43,45,47,51,53: Killed
srun: error: nid00563: tasks 0-31: Out Of Memory
srun: Force Terminated job step 11519216.0
