PE 0: MPICH MPIIO environment settings:
PE 0:   MPICH_MPIIO_HINTS_DISPLAY                 = 1
PE 0:   MPICH_MPIIO_HINTS                         = *:romio_cb_write=enable:romio_ds_write=disable
PE 0:   MPICH_MPIIO_ABORT_ON_RW_ERROR             = disable
PE 0:   MPICH_MPIIO_CB_ALIGN                      = 2
PE 0:   MPICH_MPIIO_DVS_MAXNODES                  = 32
PE 0:   MPICH_MPIIO_AGGREGATOR_PLACEMENT_DISPLAY  = 0
PE 0:   MPICH_MPIIO_AGGREGATOR_PLACEMENT_STRIDE   = -1
PE 0:   MPICH_MPIIO_MAX_NUM_IRECV                 = 50
PE 0:   MPICH_MPIIO_MAX_NUM_ISEND                 = 50
PE 0:   MPICH_MPIIO_MAX_SIZE_ISEND                = 10485760
PE 0: MPICH MPIIO statistics environment settings:
PE 0:   MPICH_MPIIO_STATS                         = 1
PE 0:   MPICH_MPIIO_TIMERS                        = 0
PE 0:   MPICH_MPIIO_WRITE_EXIT_BARRIER            = 1
PE 0: MPIIO hints for sim_phi00.hdf5:
          cb_buffer_size           = 16777216
          romio_cb_read            = automatic
          romio_cb_write           = enable
          cb_nodes                 = 64
          cb_align                 = 2
          romio_no_indep_rw        = false
          romio_cb_pfr             = disable
          romio_cb_fr_types        = aar
          romio_cb_fr_alignment    = 1
          romio_cb_ds_threshold    = 0
          romio_cb_alltoall        = automatic
          ind_rd_buffer_size       = 4194304
          ind_wr_buffer_size       = 524288
          romio_ds_read            = disable
          romio_ds_write           = disable
          striping_factor          = 64
          striping_unit            = 67108864
          romio_lustre_start_iodevice = 0
          direct_io                = false
          aggregator_placement_stride = -1
          abort_on_rw_error        = disable
          cb_config_list           = *:*
          romio_filesystem_type    = CRAY ADIO:
